<?xml version="1.0" encoding="UTF-8"?>
<!-- Generated by org.testng.reporters.JUnitReportReporter -->
<testsuite skipped="0" hostname="DESKTOP-UG71NEM" name="TestCases.TC_01_LoginTest" tests="1" failures="0" timestamp="2023-09-16T16:09:26 IST" time="15.809" errors="0">
  <testcase name="loginTest" time="15.809" classname="TestCases.TC_01_LoginTest"/>
  <system-out/>
</testsuite> <!-- TestCases.TC_01_LoginTest -->
