<?xml version="1.0" encoding="UTF-8"?>
<!-- Generated by org.testng.reporters.JUnitReportReporter -->
<testsuite hostname="DESKTOP-UG71NEM" failures="0" tests="1" name="TestCases.TC_01_LoginTest" time="14.866" errors="0" timestamp="2023-09-16T16:57:42 IST" skipped="0">
  <testcase classname="TestCases.TC_01_LoginTest" name="loginTest" time="14.866"/>
  <system-out/>
</testsuite> <!-- TestCases.TC_01_LoginTest -->
